Namespace(gpu_id=3, dataset='ogbn-arxiv', dis_metric='ours', epochs=1000, nlayers=0, hidden=256, lr_adj=0.01, lr_feat=0.01, lr_model=0.01, weight_decay=0.0, dropout=0.5, normalize_features=True, keep_ratio=1.0, reduction_rate=0.005, seed=1, alpha=0, debug=0, sgc=1, inner=10, outer=20, save=1, model='GCN')
pyg_data: Data(num_nodes=169343, x=[169343, 128], node_year=[169343, 1], y=[169343, 1], adj_t=[169343, 169343, nnz=1166243])
split_index: {'train': tensor([     0,      1,      2,  ..., 169145, 169148, 169251]), 'valid': tensor([   349,    357,    366,  ..., 169185, 169261, 169296]), 'test': tensor([   346,    398,    451,  ..., 169340, 169341, 169342])}
train val test的长度: 90941 29799 48603
size of adj_train: (90941, 90941)
edges in adj_train: 738066.0
adj_syn: (439, 439) feat_syn: torch.Size([439, 128])
开始图凝聚！
epoch: 0
WARNING:root:The OGB package is out of date. Your version is 1.3.4, while the latest version is 1.3.5.
Epoch 0, 梯度匹配loss_avg: 62.50140594482422
Train set results: loss= 3.7288 accuracy= 0.0555
Test set results: loss= 3.5152 accuracy= 0.0441
epoch: 1
epoch: 2
epoch: 3
epoch: 4
epoch: 5
epoch: 6
epoch: 7
epoch: 8
epoch: 9
epoch: 10
epoch: 11
epoch: 12
epoch: 13
epoch: 14
epoch: 15
epoch: 16
epoch: 17
epoch: 18
epoch: 19
epoch: 20
epoch: 21
epoch: 22
epoch: 23
epoch: 24
epoch: 25
epoch: 26
epoch: 27
epoch: 28
epoch: 29
epoch: 30
epoch: 31
epoch: 32
epoch: 33
epoch: 34
epoch: 35
epoch: 36
epoch: 37
epoch: 38
epoch: 39
epoch: 40
epoch: 41
epoch: 42
epoch: 43
epoch: 44
epoch: 45
epoch: 46
epoch: 47
epoch: 48
epoch: 49
epoch: 50
epoch: 51
epoch: 52
epoch: 53
epoch: 54
epoch: 55
epoch: 56
epoch: 57
epoch: 58
epoch: 59
epoch: 60
epoch: 61
epoch: 62
epoch: 63
epoch: 64
epoch: 65
epoch: 66
epoch: 67
epoch: 68
epoch: 69
epoch: 70
epoch: 71
epoch: 72
epoch: 73
epoch: 74
epoch: 75
epoch: 76
epoch: 77
epoch: 78
epoch: 79
epoch: 80
epoch: 81
epoch: 82
epoch: 83
epoch: 84
epoch: 85
epoch: 86
epoch: 87
epoch: 88
epoch: 89
epoch: 90
epoch: 91
epoch: 92
epoch: 93
epoch: 94
epoch: 95
epoch: 96
epoch: 97
epoch: 98
epoch: 99
epoch: 100
Epoch 100, 梯度匹配loss_avg: 40.90075668334961
Train set results: loss= 2.4109 accuracy= 0.5509
Test set results: loss= 2.0552 accuracy= 0.5569
epoch: 101
epoch: 102
epoch: 103
epoch: 104
epoch: 105
epoch: 106
epoch: 107
epoch: 108
epoch: 109
epoch: 110
