Namespace(gpu_id=0, dataset='ogbn-arxiv', dis_metric='ours', epochs=1000, nlayers=0, hidden=256, lr_adj=0.01, lr_feat=0.01, lr_model=0.01, weight_decay=0.0, dropout=0.5, normalize_features=True, keep_ratio=1.0, reduction_rate=0.005, seed=1, alpha=0, debug=0, sgc=1, inner=10, outer=20, save=1, model='GCN')
pyg_data: Data(num_nodes=169343, x=[169343, 128], node_year=[169343, 1], y=[169343, 1], adj_t=[169343, 169343, nnz=1166243])
split_index: {'train': tensor([     0,      1,      2,  ..., 169145, 169148, 169251]), 'valid': tensor([   349,    357,    366,  ..., 169185, 169261, 169296]), 'test': tensor([   346,    398,    451,  ..., 169340, 169341, 169342])}
train val test的长度: 90941 29799 48603
WARNING:root:The OGB package is out of date. Your version is 1.3.4, while the latest version is 1.3.5.
size of adj_train: (90941, 90941)
edges in adj_train: 738066.0
/home/xzb/GCond/gcond_agent_transduct.py:37: UserWarning: Creating a tensor from a list of numpy.ndarrays is extremely slow. Please consider converting the list to a single numpy.ndarray with numpy.array() before converting to a tensor. (Triggered internally at  /opt/conda/conda-bld/pytorch_1656352660876/work/torch/csrc/utils/tensor_new.cpp:201.)
  indices = torch.tensor([np.arange(n), np.arange(n)], dtype=torch.int64)
adj_syn: (439, 439) feat_syn: torch.Size([439, 128])
开始图凝聚！
Epoch 0, 梯度匹配loss_avg: 32.00759033203125
Train set results: loss= 2.9135 accuracy= 0.2995
Test set results: loss= 2.6339 accuracy= 0.3126
Epoch 100, 梯度匹配loss_avg: 6.935316467285157
Train set results: loss= 1.4198 accuracy= 0.6291
Test set results: loss= 1.3836 accuracy= 0.6499
Epoch 200, 梯度匹配loss_avg: 6.309930953979492
Train set results: loss= 1.4428 accuracy= 0.6183
Test set results: loss= 1.4249 accuracy= 0.6394
Epoch 300, 梯度匹配loss_avg: 6.340427627563477
Train set results: loss= 1.4618 accuracy= 0.6254
Test set results: loss= 1.5118 accuracy= 0.6426
Epoch 400, 梯度匹配loss_avg: 6.115069656372071
Train set results: loss= 1.4681 accuracy= 0.6271
Test set results: loss= 1.5538 accuracy= 0.6436
Epoch 500, 梯度匹配loss_avg: 6.198297576904297
Train set results: loss= 1.4251 accuracy= 0.6324
Test set results: loss= 1.4940 accuracy= 0.6476
Epoch 600, 梯度匹配loss_avg: 6.3069383239746095
Train set results: loss= 1.4366 accuracy= 0.6323
Test set results: loss= 1.5224 accuracy= 0.6493
Epoch 700, 梯度匹配loss_avg: 6.333662338256836
Train set results: loss= 1.4336 accuracy= 0.6357
Test set results: loss= 1.5358 accuracy= 0.6559
Epoch 800, 梯度匹配loss_avg: 6.1263055419921875
Train set results: loss= 1.4504 accuracy= 0.6425
Test set results: loss= 1.6087 accuracy= 0.6607
Epoch 900, 梯度匹配loss_avg: 6.060748901367187
Train set results: loss= 1.5487 accuracy= 0.6257
Test set results: loss= 1.7056 accuracy= 0.6510
Epoch 1000, 梯度匹配loss_avg: 5.9406951141357425
Train set results: loss= 1.4403 accuracy= 0.6424
Test set results: loss= 1.5881 accuracy= 0.6543
图凝聚用时: 190122 秒
