Namespace(gpu_id=2, dataset='ogbn-arxiv', dis_metric='ours', epochs=1000, nlayers=2, hidden=256, lr_adj=0.01, lr_feat=0.01, lr_model=0.01, weight_decay=0.0, dropout=0.5, normalize_features=True, keep_ratio=1.0, reduction_rate=0.005, seed=1, alpha=0, debug=0, sgc=1, inner=10, outer=20, save=1, model='GCN')
pyg_data: Data(num_nodes=169343, x=[169343, 128], node_year=[169343, 1], y=[169343, 1], adj_t=[169343, 169343, nnz=1166243])
split_index: {'train': tensor([     0,      1,      2,  ..., 169145, 169148, 169251]), 'valid': tensor([   349,    357,    366,  ..., 169185, 169261, 169296]), 'test': tensor([   346,    398,    451,  ..., 169340, 169341, 169342])}
train val test的长度: 90941 29799 48603
size of adj_train: (90941, 90941)
edges in adj_train: 738066.0
WARNING:root:The OGB package is out of date. Your version is 1.3.4, while the latest version is 1.3.5.
/home/xzb/GCond/gcond_agent_transduct.py:37: UserWarning: Creating a tensor from a list of numpy.ndarrays is extremely slow. Please consider converting the list to a single numpy.ndarray with numpy.array() before converting to a tensor. (Triggered internally at  /opt/conda/conda-bld/pytorch_1656352660876/work/torch/csrc/utils/tensor_new.cpp:201.)
  indices = torch.tensor([np.arange(n), np.arange(n)], dtype=torch.int64)
adj_syn: (439, 439) feat_syn: torch.Size([439, 128])
开始图凝聚！
Epoch 100, 梯度匹配loss_avg: 3.194137382507324
Train set results: loss= 1.4146 accuracy= 0.6323
Test set results: loss= 1.2748 accuracy= 0.6401
Epoch 200, 梯度匹配loss_avg: 2.967528419494629
Train set results: loss= 1.3539 accuracy= 0.6381
Test set results: loss= 1.3179 accuracy= 0.6225
Epoch 300, 梯度匹配loss_avg: 2.8220680236816404
Train set results: loss= 1.3391 accuracy= 0.6395
Test set results: loss= 1.2707 accuracy= 0.6481
Epoch 400, 梯度匹配loss_avg: 2.973768501281738
Train set results: loss= 1.3141 accuracy= 0.6485
Test set results: loss= 1.3024 accuracy= 0.6399
Epoch 500, 梯度匹配loss_avg: 2.8959848403930666
Train set results: loss= 1.3316 accuracy= 0.6405
Test set results: loss= 1.3301 accuracy= 0.6336
Epoch 600, 梯度匹配loss_avg: 2.7663629150390623
Train set results: loss= 1.3577 accuracy= 0.6404
Test set results: loss= 1.3965 accuracy= 0.6376
Epoch 700, 梯度匹配loss_avg: 2.9056367111206054
Train set results: loss= 1.3374 accuracy= 0.6420
Test set results: loss= 1.3184 accuracy= 0.6444
Epoch 800, 梯度匹配loss_avg: 2.9347998809814455
Train set results: loss= 1.3343 accuracy= 0.6414
Test set results: loss= 1.3075 accuracy= 0.6481
Epoch 900, 梯度匹配loss_avg: 2.82525749206543
Train set results: loss= 1.3723 accuracy= 0.6376
Test set results: loss= 1.4036 accuracy= 0.6365
Epoch 1000, 梯度匹配loss_avg: 2.750512809753418
Train set results: loss= 1.3346 accuracy= 0.6445
Test set results: loss= 1.3554 accuracy= 0.6478
图凝聚用时: 12235 秒
