Namespace(gpu_id=0, dataset='ogbn-arxiv', dis_metric='ours', epochs=1000, nlayers=0, hidden=256, lr_adj=0.01, lr_feat=0.01, lr_model=0.01, weight_decay=0.0, dropout=0.5, normalize_features=True, keep_ratio=1.0, reduction_rate=0.01, seed=1, alpha=0, debug=0, sgc=1, inner=10, outer=20, save=1, model='GCN')
pyg_data: Data(num_nodes=169343, x=[169343, 128], node_year=[169343, 1], y=[169343, 1], adj_t=[169343, 169343, nnz=1166243])
split_index: {'train': tensor([     0,      1,      2,  ..., 169145, 169148, 169251]), 'valid': tensor([   349,    357,    366,  ..., 169185, 169261, 169296]), 'test': tensor([   346,    398,    451,  ..., 169340, 169341, 169342])}
train val test的长度: 90941 29799 48603
size of adj_train: (90941, 90941)
edges in adj_train: 738066.0
WARNING:root:The OGB package is out of date. Your version is 1.3.4, while the latest version is 1.3.5.
adj_syn: (892, 892) feat_syn: torch.Size([892, 128])
开始图凝聚！
epoch: 0
Epoch 0, 梯度匹配loss_avg: 34.90650207519531
Traceback (most recent call last):
  File "/home/xzb/GCond/train_gcond_transduct.py", line 105, in <module>
    agent.train()
  File "/home/xzb/GCond/gcond_agent_transduct.py", line 258, in train
    res.append(self.test_with_val(data.feat_full, adj, best_acc))
  File "/home/xzb/GCond/gcond_agent_transduct.py", line 290, in test_with_val
    output = model.predict(data.feat_full, data.adj_full)
  File "/home/xzb/anaconda3/envs/gd/lib/python3.9/site-packages/torch/autograd/grad_mode.py", line 27, in decorate_context
    return func(*args, **kwargs)
  File "/home/xzb/GCond/models/gcn.py", line 413, in predict
    return self.forward(self.features, self.adj_norm)
  File "/home/xzb/GCond/models/gcn.py", line 108, in forward
    x = layer.forward(x, adj)#layer是一个GraphConvolution layer
  File "/home/xzb/GCond/models/gcn.py", line 49, in forward
    output = torch.spmm(adj, support)
RuntimeError: CUDA error: initialization error when calling `cusparseCreate(handle)`
