Namespace(gpu_id=1, dataset='ogbn-arxiv', dis_metric='ours', epochs=1000, nlayers=2, hidden=256, lr_adj=0.01, lr_feat=0.01, lr_model=0.01, weight_decay=0.0, dropout=0.5, normalize_features=True, keep_ratio=1.0, reduction_rate=0.005, seed=1, alpha=0, debug=0, sgc=1, inner=10, outer=20, save=1, model='GCN')
pyg_data: Data(num_nodes=169343, x=[169343, 128], node_year=[169343, 1], y=[169343, 1], adj_t=[169343, 169343, nnz=1166243])
split_index: {'train': tensor([     0,      1,      2,  ..., 169145, 169148, 169251]), 'valid': tensor([   349,    357,    366,  ..., 169185, 169261, 169296]), 'test': tensor([   346,    398,    451,  ..., 169340, 169341, 169342])}
WARNING:root:The OGB package is out of date. Your version is 1.3.4, while the latest version is 1.3.5.
train val test的长度: 90941 29799 48603
size of adj_train: (90941, 90941)
edges in adj_train: 738066.0
/home/xzb/GCond/gcond_agent_transduct.py:37: UserWarning: Creating a tensor from a list of numpy.ndarrays is extremely slow. Please consider converting the list to a single numpy.ndarray with numpy.array() before converting to a tensor. (Triggered internally at  /opt/conda/conda-bld/pytorch_1656352660876/work/torch/csrc/utils/tensor_new.cpp:201.)
  indices = torch.tensor([np.arange(n), np.arange(n)], dtype=torch.int64)
adj_syn: (439, 439) feat_syn: torch.Size([439, 128])
开始图凝聚！
Epoch 100, 梯度匹配loss_avg: 6.388274765014648
Train set results: loss= 1.3777 accuracy= 0.6344
Test set results: loss= 1.3205 accuracy= 0.6411
Epoch 200, 梯度匹配loss_avg: 5.935056838989258
Train set results: loss= 1.3495 accuracy= 0.6394
Test set results: loss= 1.3483 accuracy= 0.6244
Epoch 300, 梯度匹配loss_avg: 5.644136047363281
Train set results: loss= 1.3402 accuracy= 0.6409
Test set results: loss= 1.3135 accuracy= 0.6496
Epoch 400, 梯度匹配loss_avg: 5.947537002563476
Train set results: loss= 1.3240 accuracy= 0.6498
Test set results: loss= 1.3568 accuracy= 0.6391
Epoch 500, 梯度匹配loss_avg: 5.791969680786133
Train set results: loss= 1.3417 accuracy= 0.6422
Test set results: loss= 1.3832 accuracy= 0.6351
Epoch 600, 梯度匹配loss_avg: 5.532725830078125
Train set results: loss= 1.3468 accuracy= 0.6522
Test set results: loss= 1.4014 accuracy= 0.6562
Epoch 700, 梯度匹配loss_avg: 5.811273422241211
Train set results: loss= 1.3465 accuracy= 0.6449
Test set results: loss= 1.3641 accuracy= 0.6500
Epoch 800, 梯度匹配loss_avg: 5.869599761962891
Train set results: loss= 1.3452 accuracy= 0.6428
Test set results: loss= 1.3632 accuracy= 0.6488
Epoch 900, 梯度匹配loss_avg: 5.65051498413086
Train set results: loss= 1.3839 accuracy= 0.6385
Test set results: loss= 1.4305 accuracy= 0.6379
Epoch 1000, 梯度匹配loss_avg: 5.501025619506836
Train set results: loss= 1.3524 accuracy= 0.6457
Test set results: loss= 1.4189 accuracy= 0.6487
图凝聚用时: 15948 秒
