Namespace(gpu_id=3, dataset='ogbn-arxiv', dis_metric='ours', epochs=1000, nlayers=0, hidden=256, lr_adj=0.01, lr_feat=0.01, lr_model=0.01, weight_decay=0.0, dropout=0.5, normalize_features=True, keep_ratio=1.0, reduction_rate=0.01, seed=1, alpha=0, debug=0, sgc=1, inner=10, outer=20, save=1, model='GCN')
pyg_data: Data(num_nodes=169343, x=[169343, 128], node_year=[169343, 1], y=[169343, 1], adj_t=[169343, 169343, nnz=1166243])
split_index: {'train': tensor([     0,      1,      2,  ..., 169145, 169148, 169251]), 'valid': tensor([   349,    357,    366,  ..., 169185, 169261, 169296]), 'test': tensor([   346,    398,    451,  ..., 169340, 169341, 169342])}
train val test的长度: 90941 29799 48603
size of adj_train: (90941, 90941)
edges in adj_train: 738066.0
WARNING:root:The OGB package is out of date. Your version is 1.3.4, while the latest version is 1.3.5.
adj_syn: (892, 892) feat_syn: torch.Size([892, 128])
开始图凝聚！
epoch: 0
Epoch 0, 梯度匹配loss_avg: 34.90650207519531
Train set results: loss= 3.5025 accuracy= 0.0565
Test set results: loss= 3.5548 accuracy= 0.0247
epoch: 1
epoch: 2
epoch: 3
epoch: 4
epoch: 5
epoch: 6
epoch: 7
epoch: 8
epoch: 9
epoch: 10
epoch: 11
epoch: 12
epoch: 13
epoch: 14
epoch: 15
epoch: 16
epoch: 17
epoch: 18
epoch: 19
epoch: 20
epoch: 21
epoch: 22
epoch: 23
epoch: 24
epoch: 25
epoch: 26
epoch: 27
epoch: 28
epoch: 29
epoch: 30
epoch: 31
epoch: 32
epoch: 33
epoch: 34
epoch: 35
epoch: 36
epoch: 37
epoch: 38
epoch: 39
epoch: 40
epoch: 41
epoch: 42
epoch: 43
epoch: 44
epoch: 45
epoch: 46
epoch: 47
epoch: 48
epoch: 49
epoch: 50
epoch: 51
epoch: 52
epoch: 53
epoch: 54
epoch: 55
epoch: 56
epoch: 57
epoch: 58
epoch: 59
epoch: 60
epoch: 61
epoch: 62
epoch: 63
epoch: 64
epoch: 65
epoch: 66
epoch: 67
epoch: 68
epoch: 69
epoch: 70
epoch: 71
epoch: 72
epoch: 73
epoch: 74
epoch: 75
epoch: 76
epoch: 77
epoch: 78
epoch: 79
epoch: 80
epoch: 81
epoch: 82
epoch: 83
epoch: 84
epoch: 85
epoch: 86
epoch: 87
epoch: 88
epoch: 89
epoch: 90
epoch: 91
epoch: 92
epoch: 93
epoch: 94
epoch: 95
epoch: 96
epoch: 97
epoch: 98
epoch: 99
epoch: 100
Epoch 100, 梯度匹配loss_avg: 33.50742431640625
Train set results: loss= 2.1817 accuracy= 0.4642
Test set results: loss= 2.0794 accuracy= 0.4736
epoch: 101
epoch: 102
epoch: 103
epoch: 104
epoch: 105
epoch: 106
epoch: 107
epoch: 108
epoch: 109
epoch: 110
epoch: 111
epoch: 112
epoch: 113
epoch: 114
epoch: 115
epoch: 116
epoch: 117
epoch: 118
epoch: 119
epoch: 120
epoch: 121
epoch: 122
epoch: 123
epoch: 124
epoch: 125
epoch: 126
epoch: 127
epoch: 128
epoch: 129
epoch: 130
epoch: 131
epoch: 132
epoch: 133
epoch: 134
epoch: 135
epoch: 136
epoch: 137
epoch: 138
epoch: 139
epoch: 140
epoch: 141
epoch: 142
epoch: 143
epoch: 144
epoch: 145
epoch: 146
epoch: 147
epoch: 148
epoch: 149
epoch: 150
epoch: 151
epoch: 152
epoch: 153
epoch: 154
epoch: 155
epoch: 156
epoch: 157
epoch: 158
epoch: 159
epoch: 160
epoch: 161
epoch: 162
epoch: 163
epoch: 164
epoch: 165
epoch: 166
epoch: 167
epoch: 168
epoch: 169
epoch: 170
epoch: 171
epoch: 172
epoch: 173
epoch: 174
epoch: 175
epoch: 176
epoch: 177
epoch: 178
epoch: 179
epoch: 180
epoch: 181
epoch: 182
epoch: 183
epoch: 184
epoch: 185
epoch: 186
epoch: 187
epoch: 188
epoch: 189
epoch: 190
epoch: 191
epoch: 192
epoch: 193
epoch: 194
epoch: 195
epoch: 196
epoch: 197
epoch: 198
epoch: 199
epoch: 200
Epoch 200, 梯度匹配loss_avg: 30.5258056640625
Train set results: loss= 1.7679 accuracy= 0.5514
Test set results: loss= 1.6771 accuracy= 0.5555
epoch: 201
epoch: 202
