Namespace(gpu_id=0, dataset='ogbn-arxiv', dis_metric='ours', epochs=1000, nlayers=0, hidden=256, lr_adj=0.01, lr_feat=0.01, lr_model=0.01, weight_decay=0.0, dropout=0.5, normalize_features=True, keep_ratio=1.0, reduction_rate=0.005, seed=1, alpha=0, debug=0, sgc=1, inner=10, outer=20, save=1, model='GCN')
pyg_data: Data(num_nodes=169343, x=[169343, 128], node_year=[169343, 1], y=[169343, 1], adj_t=[169343, 169343, nnz=1166243])
split_index: {'train': tensor([     0,      1,      2,  ..., 169145, 169148, 169251]), 'valid': tensor([   349,    357,    366,  ..., 169185, 169261, 169296]), 'test': tensor([   346,    398,    451,  ..., 169340, 169341, 169342])}
train val test的长度: 90941 29799 48603
size of adj_train: (90941, 90941)
edges in adj_train: 738066.0
adj_syn: (439, 439) feat_syn: torch.Size([439, 128])
开始图凝聚！
epoch: 0
WARNING:root:The OGB package is out of date. Your version is 1.3.4, while the latest version is 1.3.5.
/home/xzb/anaconda3/envs/gd/lib/python3.9/site-packages/sklearn/manifold/_t_sne.py:800: FutureWarning: The default initialization in TSNE will change from 'random' to 'pca' in 1.2.
  warnings.warn(
/home/xzb/anaconda3/envs/gd/lib/python3.9/site-packages/sklearn/manifold/_t_sne.py:810: FutureWarning: The default learning rate in TSNE will change from 200.0 to 'auto' in 1.2.
  warnings.warn(
Epoch 0, 梯度匹配loss_avg: 25.028446655273438
Train set results: loss= 3.2158 accuracy= 0.1994
Test set results: loss= 3.1520 accuracy= 0.2436
epoch: 1
epoch: 2
epoch: 3
epoch: 4
epoch: 5
epoch: 6
epoch: 7
epoch: 8
epoch: 9
epoch: 10
epoch: 11
epoch: 12
epoch: 13
epoch: 14
epoch: 15
epoch: 16
epoch: 17
epoch: 18
epoch: 19
epoch: 20
epoch: 21
epoch: 22
epoch: 23
epoch: 24
epoch: 25
epoch: 26
epoch: 27
epoch: 28
epoch: 29
epoch: 30
epoch: 31
epoch: 32
epoch: 33
epoch: 34
epoch: 35
epoch: 36
epoch: 37
epoch: 38
epoch: 39
epoch: 40
epoch: 41
epoch: 42
epoch: 43
epoch: 44
epoch: 45
epoch: 46
epoch: 47
epoch: 48
epoch: 49
epoch: 50
epoch: 51
epoch: 52
epoch: 53
epoch: 54
epoch: 55
epoch: 56
epoch: 57
epoch: 58
epoch: 59
epoch: 60
epoch: 61
epoch: 62
epoch: 63
epoch: 64
epoch: 65
epoch: 66
epoch: 67
epoch: 68
epoch: 69
epoch: 70
epoch: 71
epoch: 72
epoch: 73
epoch: 74
epoch: 75
epoch: 76
epoch: 77
epoch: 78
epoch: 79
epoch: 80
epoch: 81
epoch: 82
epoch: 83
epoch: 84
epoch: 85
epoch: 86
epoch: 87
epoch: 88
epoch: 89
epoch: 90
epoch: 91
epoch: 92
epoch: 93
epoch: 94
epoch: 95
epoch: 96
epoch: 97
epoch: 98
epoch: 99
epoch: 100
/home/xzb/anaconda3/envs/gd/lib/python3.9/site-packages/sklearn/manifold/_t_sne.py:800: FutureWarning: The default initialization in TSNE will change from 'random' to 'pca' in 1.2.
  warnings.warn(
/home/xzb/anaconda3/envs/gd/lib/python3.9/site-packages/sklearn/manifold/_t_sne.py:810: FutureWarning: The default learning rate in TSNE will change from 200.0 to 'auto' in 1.2.
  warnings.warn(
Epoch 100, 梯度匹配loss_avg: 4.271216354370117
Train set results: loss= 3.1041 accuracy= 0.5393
Test set results: loss= 3.2047 accuracy= 0.5838
epoch: 101
epoch: 102
epoch: 103
epoch: 104
epoch: 105
epoch: 106
epoch: 107
epoch: 108
epoch: 109
epoch: 110
epoch: 111
epoch: 112
epoch: 113
epoch: 114
epoch: 115
epoch: 116
epoch: 117
epoch: 118
epoch: 119
epoch: 120
epoch: 121
epoch: 122
epoch: 123
epoch: 124
epoch: 125
epoch: 126
epoch: 127
epoch: 128
epoch: 129
epoch: 130
epoch: 131
epoch: 132
epoch: 133
epoch: 134
epoch: 135
epoch: 136
epoch: 137
epoch: 138
epoch: 139
epoch: 140
epoch: 141
epoch: 142
epoch: 143
epoch: 144
epoch: 145
epoch: 146
epoch: 147
epoch: 148
epoch: 149
epoch: 150
epoch: 151
epoch: 152
epoch: 153
epoch: 154
epoch: 155
epoch: 156
epoch: 157
epoch: 158
epoch: 159
epoch: 160
epoch: 161
epoch: 162
epoch: 163
epoch: 164
epoch: 165
epoch: 166
epoch: 167
epoch: 168
epoch: 169
epoch: 170
epoch: 171
epoch: 172
epoch: 173
epoch: 174
epoch: 175
epoch: 176
epoch: 177
epoch: 178
epoch: 179
epoch: 180
epoch: 181
epoch: 182
epoch: 183
epoch: 184
epoch: 185
epoch: 186
epoch: 187
epoch: 188
epoch: 189
epoch: 190
epoch: 191
epoch: 192
epoch: 193
epoch: 194
epoch: 195
epoch: 196
epoch: 197
epoch: 198
epoch: 199
epoch: 200
/home/xzb/anaconda3/envs/gd/lib/python3.9/site-packages/sklearn/manifold/_t_sne.py:800: FutureWarning: The default initialization in TSNE will change from 'random' to 'pca' in 1.2.
  warnings.warn(
/home/xzb/anaconda3/envs/gd/lib/python3.9/site-packages/sklearn/manifold/_t_sne.py:810: FutureWarning: The default learning rate in TSNE will change from 200.0 to 'auto' in 1.2.
  warnings.warn(
Epoch 200, 梯度匹配loss_avg: 3.4248971557617187
Train set results: loss= 3.0901 accuracy= 0.5455
Test set results: loss= 3.1967 accuracy= 0.6020
epoch: 201
epoch: 202
epoch: 203
epoch: 204
epoch: 205
epoch: 206
epoch: 207
epoch: 208
epoch: 209
epoch: 210
epoch: 211
epoch: 212
epoch: 213
epoch: 214
epoch: 215
epoch: 216
epoch: 217
epoch: 218
epoch: 219
epoch: 220
epoch: 221
epoch: 222
epoch: 223
epoch: 224
epoch: 225
epoch: 226
epoch: 227
epoch: 228
epoch: 229
epoch: 230
epoch: 231
epoch: 232
epoch: 233
epoch: 234
epoch: 235
epoch: 236
epoch: 237
epoch: 238
epoch: 239
epoch: 240
epoch: 241
epoch: 242
epoch: 243
epoch: 244
epoch: 245
epoch: 246
epoch: 247
epoch: 248
epoch: 249
epoch: 250
epoch: 251
epoch: 252
epoch: 253
epoch: 254
epoch: 255
epoch: 256
epoch: 257
epoch: 258
epoch: 259
epoch: 260
epoch: 261
epoch: 262
epoch: 263
epoch: 264
epoch: 265
epoch: 266
epoch: 267
epoch: 268
epoch: 269
epoch: 270
epoch: 271
epoch: 272
epoch: 273
epoch: 274
epoch: 275
epoch: 276
epoch: 277
epoch: 278
epoch: 279
epoch: 280
epoch: 281
epoch: 282
epoch: 283
epoch: 284
epoch: 285
epoch: 286
epoch: 287
epoch: 288
epoch: 289
epoch: 290
epoch: 291
epoch: 292
epoch: 293
epoch: 294
epoch: 295
epoch: 296
epoch: 297
epoch: 298
epoch: 299
epoch: 300
/home/xzb/anaconda3/envs/gd/lib/python3.9/site-packages/sklearn/manifold/_t_sne.py:800: FutureWarning: The default initialization in TSNE will change from 'random' to 'pca' in 1.2.
  warnings.warn(
/home/xzb/anaconda3/envs/gd/lib/python3.9/site-packages/sklearn/manifold/_t_sne.py:810: FutureWarning: The default learning rate in TSNE will change from 200.0 to 'auto' in 1.2.
  warnings.warn(
Epoch 300, 梯度匹配loss_avg: 3.1619557189941405
Train set results: loss= 3.0769 accuracy= 0.5580
Test set results: loss= 3.1574 accuracy= 0.6051
epoch: 301
epoch: 302
epoch: 303
epoch: 304
epoch: 305
epoch: 306
epoch: 307
epoch: 308
epoch: 309
epoch: 310
epoch: 311
epoch: 312
epoch: 313
epoch: 314
epoch: 315
epoch: 316
epoch: 317
epoch: 318
epoch: 319
epoch: 320
epoch: 321
epoch: 322
epoch: 323
epoch: 324
epoch: 325
epoch: 326
epoch: 327
epoch: 328
epoch: 329
epoch: 330
epoch: 331
epoch: 332
epoch: 333
epoch: 334
epoch: 335
epoch: 336
epoch: 337
epoch: 338
epoch: 339
epoch: 340
epoch: 341
epoch: 342
epoch: 343
epoch: 344
epoch: 345
epoch: 346
epoch: 347
epoch: 348
epoch: 349
epoch: 350
epoch: 351
epoch: 352
epoch: 353
epoch: 354
epoch: 355
epoch: 356
epoch: 357
epoch: 358
epoch: 359
epoch: 360
epoch: 361
epoch: 362
epoch: 363
epoch: 364
epoch: 365
epoch: 366
epoch: 367
epoch: 368
epoch: 369
epoch: 370
epoch: 371
epoch: 372
epoch: 373
epoch: 374
epoch: 375
epoch: 376
epoch: 377
epoch: 378
epoch: 379
epoch: 380
epoch: 381
epoch: 382
epoch: 383
epoch: 384
epoch: 385
epoch: 386
epoch: 387
epoch: 388
epoch: 389
epoch: 390
epoch: 391
epoch: 392
epoch: 393
epoch: 394
epoch: 395
epoch: 396
epoch: 397
epoch: 398
epoch: 399
epoch: 400
/home/xzb/anaconda3/envs/gd/lib/python3.9/site-packages/sklearn/manifold/_t_sne.py:800: FutureWarning: The default initialization in TSNE will change from 'random' to 'pca' in 1.2.
  warnings.warn(
/home/xzb/anaconda3/envs/gd/lib/python3.9/site-packages/sklearn/manifold/_t_sne.py:810: FutureWarning: The default learning rate in TSNE will change from 200.0 to 'auto' in 1.2.
  warnings.warn(
Epoch 400, 梯度匹配loss_avg: 2.9692359924316407
Train set results: loss= 3.1308 accuracy= 0.5682
Test set results: loss= 3.2249 accuracy= 0.5893
epoch: 401
epoch: 402
epoch: 403
epoch: 404
epoch: 405
epoch: 406
epoch: 407
epoch: 408
epoch: 409
epoch: 410
epoch: 411
epoch: 412
epoch: 413
epoch: 414
epoch: 415
epoch: 416
epoch: 417
epoch: 418
epoch: 419
epoch: 420
epoch: 421
epoch: 422
epoch: 423
epoch: 424
epoch: 425
epoch: 426
epoch: 427
epoch: 428
epoch: 429
epoch: 430
epoch: 431
epoch: 432
epoch: 433
epoch: 434
epoch: 435
epoch: 436
epoch: 437
epoch: 438
epoch: 439
epoch: 440
epoch: 441
epoch: 442
epoch: 443
epoch: 444
epoch: 445
epoch: 446
epoch: 447
epoch: 448
epoch: 449
epoch: 450
epoch: 451
epoch: 452
epoch: 453
epoch: 454
epoch: 455
epoch: 456
epoch: 457
epoch: 458
epoch: 459
epoch: 460
epoch: 461
epoch: 462
epoch: 463
epoch: 464
epoch: 465
epoch: 466
epoch: 467
epoch: 468
epoch: 469
epoch: 470
epoch: 471
epoch: 472
epoch: 473
epoch: 474
epoch: 475
epoch: 476
epoch: 477
epoch: 478
epoch: 479
epoch: 480
epoch: 481
epoch: 482
epoch: 483
epoch: 484
epoch: 485
epoch: 486
epoch: 487
epoch: 488
epoch: 489
epoch: 490
epoch: 491
epoch: 492
epoch: 493
epoch: 494
epoch: 495
epoch: 496
epoch: 497
epoch: 498
epoch: 499
epoch: 500
/home/xzb/anaconda3/envs/gd/lib/python3.9/site-packages/sklearn/manifold/_t_sne.py:800: FutureWarning: The default initialization in TSNE will change from 'random' to 'pca' in 1.2.
  warnings.warn(
/home/xzb/anaconda3/envs/gd/lib/python3.9/site-packages/sklearn/manifold/_t_sne.py:810: FutureWarning: The default learning rate in TSNE will change from 200.0 to 'auto' in 1.2.
  warnings.warn(
Epoch 500, 梯度匹配loss_avg: 2.9953298568725586
Train set results: loss= 3.1701 accuracy= 0.5385
Test set results: loss= 3.2320 accuracy= 0.5885
epoch: 501
epoch: 502
epoch: 503
epoch: 504
epoch: 505
epoch: 506
epoch: 507
epoch: 508
epoch: 509
epoch: 510
epoch: 511
epoch: 512
epoch: 513
epoch: 514
epoch: 515
epoch: 516
epoch: 517
epoch: 518
epoch: 519
epoch: 520
epoch: 521
epoch: 522
epoch: 523
epoch: 524
epoch: 525
epoch: 526
epoch: 527
epoch: 528
epoch: 529
epoch: 530
epoch: 531
epoch: 532
epoch: 533
epoch: 534
epoch: 535
epoch: 536
epoch: 537
epoch: 538
epoch: 539
epoch: 540
epoch: 541
epoch: 542
epoch: 543
epoch: 544
epoch: 545
epoch: 546
epoch: 547
epoch: 548
epoch: 549
epoch: 550
epoch: 551
epoch: 552
epoch: 553
epoch: 554
epoch: 555
epoch: 556
epoch: 557
epoch: 558
epoch: 559
epoch: 560
epoch: 561
epoch: 562
epoch: 563
epoch: 564
epoch: 565
epoch: 566
epoch: 567
epoch: 568
epoch: 569
epoch: 570
epoch: 571
epoch: 572
epoch: 573
epoch: 574
epoch: 575
epoch: 576
epoch: 577
epoch: 578
epoch: 579
epoch: 580
epoch: 581
epoch: 582
epoch: 583
epoch: 584
epoch: 585
epoch: 586
epoch: 587
epoch: 588
epoch: 589
epoch: 590
epoch: 591
epoch: 592
epoch: 593
epoch: 594
epoch: 595
epoch: 596
epoch: 597
epoch: 598
epoch: 599
epoch: 600
/home/xzb/anaconda3/envs/gd/lib/python3.9/site-packages/sklearn/manifold/_t_sne.py:800: FutureWarning: The default initialization in TSNE will change from 'random' to 'pca' in 1.2.
  warnings.warn(
/home/xzb/anaconda3/envs/gd/lib/python3.9/site-packages/sklearn/manifold/_t_sne.py:810: FutureWarning: The default learning rate in TSNE will change from 200.0 to 'auto' in 1.2.
  warnings.warn(
Epoch 600, 梯度匹配loss_avg: 2.7969954299926756
Train set results: loss= 3.2368 accuracy= 0.5613
Test set results: loss= 3.3127 accuracy= 0.6034
epoch: 601
epoch: 602
epoch: 603
epoch: 604
epoch: 605
epoch: 606
epoch: 607
epoch: 608
epoch: 609
epoch: 610
epoch: 611
epoch: 612
epoch: 613
epoch: 614
epoch: 615
epoch: 616
epoch: 617
epoch: 618
epoch: 619
epoch: 620
epoch: 621
epoch: 622
epoch: 623
epoch: 624
epoch: 625
epoch: 626
epoch: 627
epoch: 628
epoch: 629
epoch: 630
epoch: 631
epoch: 632
epoch: 633
epoch: 634
epoch: 635
epoch: 636
epoch: 637
epoch: 638
epoch: 639
epoch: 640
epoch: 641
epoch: 642
epoch: 643
epoch: 644
epoch: 645
epoch: 646
epoch: 647
epoch: 648
epoch: 649
epoch: 650
epoch: 651
epoch: 652
epoch: 653
epoch: 654
epoch: 655
epoch: 656
epoch: 657
epoch: 658
epoch: 659
epoch: 660
epoch: 661
epoch: 662
epoch: 663
epoch: 664
epoch: 665
epoch: 666
epoch: 667
epoch: 668
epoch: 669
epoch: 670
epoch: 671
epoch: 672
epoch: 673
epoch: 674
epoch: 675
epoch: 676
epoch: 677
epoch: 678
epoch: 679
epoch: 680
epoch: 681
epoch: 682
epoch: 683
epoch: 684
epoch: 685
epoch: 686
epoch: 687
epoch: 688
epoch: 689
epoch: 690
epoch: 691
epoch: 692
epoch: 693
epoch: 694
epoch: 695
epoch: 696
epoch: 697
epoch: 698
epoch: 699
epoch: 700
/home/xzb/anaconda3/envs/gd/lib/python3.9/site-packages/sklearn/manifold/_t_sne.py:800: FutureWarning: The default initialization in TSNE will change from 'random' to 'pca' in 1.2.
  warnings.warn(
/home/xzb/anaconda3/envs/gd/lib/python3.9/site-packages/sklearn/manifold/_t_sne.py:810: FutureWarning: The default learning rate in TSNE will change from 200.0 to 'auto' in 1.2.
  warnings.warn(
Epoch 700, 梯度匹配loss_avg: 2.7780939102172852
Train set results: loss= 3.2578 accuracy= 0.5092
Test set results: loss= 3.3088 accuracy= 0.5977
epoch: 701
epoch: 702
epoch: 703
epoch: 704
epoch: 705
epoch: 706
epoch: 707
epoch: 708
epoch: 709
epoch: 710
epoch: 711
epoch: 712
epoch: 713
epoch: 714
epoch: 715
epoch: 716
epoch: 717
epoch: 718
epoch: 719
epoch: 720
epoch: 721
epoch: 722
epoch: 723
epoch: 724
epoch: 725
epoch: 726
epoch: 727
epoch: 728
epoch: 729
epoch: 730
epoch: 731
epoch: 732
epoch: 733
epoch: 734
epoch: 735
epoch: 736
epoch: 737
epoch: 738
epoch: 739
epoch: 740
epoch: 741
epoch: 742
epoch: 743
epoch: 744
epoch: 745
epoch: 746
epoch: 747
epoch: 748
epoch: 749
epoch: 750
epoch: 751
epoch: 752
epoch: 753
epoch: 754
epoch: 755
epoch: 756
epoch: 757
epoch: 758
epoch: 759
epoch: 760
epoch: 761
epoch: 762
epoch: 763
epoch: 764
epoch: 765
epoch: 766
epoch: 767
epoch: 768
epoch: 769
epoch: 770
epoch: 771
epoch: 772
epoch: 773
epoch: 774
epoch: 775
epoch: 776
epoch: 777
epoch: 778
epoch: 779
epoch: 780
epoch: 781
epoch: 782
epoch: 783
epoch: 784
epoch: 785
epoch: 786
epoch: 787
epoch: 788
epoch: 789
epoch: 790
epoch: 791
epoch: 792
epoch: 793
epoch: 794
epoch: 795
epoch: 796
epoch: 797
epoch: 798
epoch: 799
epoch: 800
/home/xzb/anaconda3/envs/gd/lib/python3.9/site-packages/sklearn/manifold/_t_sne.py:800: FutureWarning: The default initialization in TSNE will change from 'random' to 'pca' in 1.2.
  warnings.warn(
/home/xzb/anaconda3/envs/gd/lib/python3.9/site-packages/sklearn/manifold/_t_sne.py:810: FutureWarning: The default learning rate in TSNE will change from 200.0 to 'auto' in 1.2.
  warnings.warn(
Epoch 800, 梯度匹配loss_avg: 2.63240665435791
Train set results: loss= 3.2698 accuracy= 0.5391
Test set results: loss= 3.3217 accuracy= 0.5941
epoch: 801
epoch: 802
epoch: 803
epoch: 804
epoch: 805
epoch: 806
epoch: 807
epoch: 808
epoch: 809
epoch: 810
epoch: 811
epoch: 812
epoch: 813
epoch: 814
epoch: 815
epoch: 816
epoch: 817
epoch: 818
epoch: 819
epoch: 820
epoch: 821
epoch: 822
epoch: 823
epoch: 824
epoch: 825
epoch: 826
epoch: 827
epoch: 828
epoch: 829
epoch: 830
epoch: 831
epoch: 832
epoch: 833
epoch: 834
epoch: 835
epoch: 836
epoch: 837
epoch: 838
epoch: 839
epoch: 840
epoch: 841
epoch: 842
epoch: 843
epoch: 844
epoch: 845
epoch: 846
epoch: 847
epoch: 848
epoch: 849
epoch: 850
epoch: 851
epoch: 852
epoch: 853
epoch: 854
epoch: 855
epoch: 856
epoch: 857
epoch: 858
epoch: 859
epoch: 860
epoch: 861
epoch: 862
epoch: 863
epoch: 864
epoch: 865
epoch: 866
epoch: 867
epoch: 868
epoch: 869
epoch: 870
epoch: 871
epoch: 872
epoch: 873
epoch: 874
epoch: 875
epoch: 876
epoch: 877
epoch: 878
epoch: 879
epoch: 880
epoch: 881
epoch: 882
epoch: 883
epoch: 884
epoch: 885
epoch: 886
epoch: 887
epoch: 888
epoch: 889
epoch: 890
epoch: 891
epoch: 892
epoch: 893
epoch: 894
epoch: 895
epoch: 896
epoch: 897
epoch: 898
epoch: 899
epoch: 900
/home/xzb/anaconda3/envs/gd/lib/python3.9/site-packages/sklearn/manifold/_t_sne.py:800: FutureWarning: The default initialization in TSNE will change from 'random' to 'pca' in 1.2.
  warnings.warn(
/home/xzb/anaconda3/envs/gd/lib/python3.9/site-packages/sklearn/manifold/_t_sne.py:810: FutureWarning: The default learning rate in TSNE will change from 200.0 to 'auto' in 1.2.
  warnings.warn(
Epoch 900, 梯度匹配loss_avg: 2.5392153549194334
Train set results: loss= 3.2756 accuracy= 0.5286
Test set results: loss= 3.3302 accuracy= 0.5987
epoch: 901
epoch: 902
epoch: 903
epoch: 904
epoch: 905
epoch: 906
epoch: 907
epoch: 908
epoch: 909
epoch: 910
epoch: 911
epoch: 912
epoch: 913
epoch: 914
epoch: 915
epoch: 916
epoch: 917
epoch: 918
epoch: 919
epoch: 920
epoch: 921
epoch: 922
epoch: 923
epoch: 924
epoch: 925
epoch: 926
epoch: 927
epoch: 928
epoch: 929
epoch: 930
epoch: 931
epoch: 932
epoch: 933
epoch: 934
epoch: 935
epoch: 936
epoch: 937
epoch: 938
epoch: 939
epoch: 940
epoch: 941
epoch: 942
epoch: 943
epoch: 944
epoch: 945
epoch: 946
epoch: 947
epoch: 948
epoch: 949
epoch: 950
epoch: 951
epoch: 952
epoch: 953
epoch: 954
epoch: 955
epoch: 956
epoch: 957
epoch: 958
epoch: 959
epoch: 960
epoch: 961
epoch: 962
epoch: 963
epoch: 964
epoch: 965
epoch: 966
epoch: 967
epoch: 968
epoch: 969
epoch: 970
epoch: 971
epoch: 972
epoch: 973
epoch: 974
epoch: 975
epoch: 976
epoch: 977
epoch: 978
epoch: 979
epoch: 980
epoch: 981
epoch: 982
epoch: 983
epoch: 984
epoch: 985
epoch: 986
epoch: 987
epoch: 988
epoch: 989
epoch: 990
epoch: 991
epoch: 992
epoch: 993
epoch: 994
epoch: 995
epoch: 996
epoch: 997
epoch: 998
epoch: 999
epoch: 1000
/home/xzb/anaconda3/envs/gd/lib/python3.9/site-packages/sklearn/manifold/_t_sne.py:800: FutureWarning: The default initialization in TSNE will change from 'random' to 'pca' in 1.2.
  warnings.warn(
/home/xzb/anaconda3/envs/gd/lib/python3.9/site-packages/sklearn/manifold/_t_sne.py:810: FutureWarning: The default learning rate in TSNE will change from 200.0 to 'auto' in 1.2.
  warnings.warn(
Epoch 1000, 梯度匹配loss_avg: 2.345919342041016
Train set results: loss= 3.2408 accuracy= 0.5147
Test set results: loss= 3.2831 accuracy= 0.5751
图凝聚用时: 121516 秒
